<?xml version="1.0" encoding="UTF-8"?>
<!-- Generated by org.testng.reporters.JUnitReportReporter -->
<testsuite hostname="lucas-laptop" name="com.jaspersoft.jasperserver.dto.resources.ClientVirtualDataSourceTest" tests="2" failures="0" timestamp="20 Feb 2016 01:45:37 GMT" time="0.004" errors="0">
  <testcase name="testEquals" time="0.002" classname="com.jaspersoft.jasperserver.dto.resources.ClientVirtualDataSourceTest"/>
  <testcase name="testHashCode" time="0.002" classname="com.jaspersoft.jasperserver.dto.resources.ClientVirtualDataSourceTest"/>
</testsuite> <!-- com.jaspersoft.jasperserver.dto.resources.ClientVirtualDataSourceTest -->
