<?xml version="1.0" encoding="UTF-8"?>
<!-- Generated by org.testng.reporters.JUnitReportReporter -->
<testsuite hostname="lucas-laptop" name="com.jaspersoft.jasperserver.dto.reports.inputcontrols.ReportInputControlTest" tests="1" failures="0" timestamp="20 Feb 2016 01:45:37 GMT" time="0.009" errors="0">
  <testcase name="setDataType_resetGenericResourceFields" time="0.009" classname="com.jaspersoft.jasperserver.dto.reports.inputcontrols.ReportInputControlTest"/>
</testsuite> <!-- com.jaspersoft.jasperserver.dto.reports.inputcontrols.ReportInputControlTest -->
