<?xml version="1.0" encoding="UTF-8"?>
<!-- Generated by org.testng.reporters.JUnitReportReporter -->
<testsuite hostname="lucas-laptop" name="com.jaspersoft.jasperserver.dto.resources.ClientCustomDataSourceTest" tests="3" failures="0" timestamp="20 Feb 2016 01:45:37 GMT" time="0.011" errors="0">
  <testcase name="cloeableConstuctorClonesResources" time="0.006" classname="com.jaspersoft.jasperserver.dto.resources.ClientCustomDataSourceTest"/>
  <testcase name="testHashCode" time="0.005" classname="com.jaspersoft.jasperserver.dto.resources.ClientCustomDataSourceTest"/>
  <testcase name="testEquals" time="0.000" classname="com.jaspersoft.jasperserver.dto.resources.ClientCustomDataSourceTest"/>
</testsuite> <!-- com.jaspersoft.jasperserver.dto.resources.ClientCustomDataSourceTest -->
