<?xml version="1.0" encoding="UTF-8"?>
<!-- Generated by org.testng.reporters.JUnitReportReporter -->
<testsuite hostname="lucas-laptop" name="com.jaspersoft.jasperserver.dto.reports.ReportParameterTest" tests="2" failures="0" timestamp="20 Feb 2016 01:45:37 GMT" time="0.002" errors="0">
  <testcase name="testEquals" time="0.001" classname="com.jaspersoft.jasperserver.dto.reports.ReportParameterTest"/>
  <testcase name="testHashCode" time="0.001" classname="com.jaspersoft.jasperserver.dto.reports.ReportParameterTest"/>
</testsuite> <!-- com.jaspersoft.jasperserver.dto.reports.ReportParameterTest -->
