<?xml version="1.0" encoding="UTF-8"?>
<!-- Generated by org.testng.reporters.JUnitReportReporter -->
<testsuite hostname="lucas-laptop" name="com.jaspersoft.jasperserver.dto.resources.FilesMapXmlAdapterTest" tests="6" failures="0" timestamp="20 Feb 2016 01:45:37 GMT" time="0.015" errors="0">
  <testcase name="unmarshal" time="0.001" classname="com.jaspersoft.jasperserver.dto.resources.FilesMapXmlAdapterTest"/>
  <testcase name="marshal" time="0.002" classname="com.jaspersoft.jasperserver.dto.resources.FilesMapXmlAdapterTest"/>
  <testcase name="marshal_nullProducesNull" time="0.001" classname="com.jaspersoft.jasperserver.dto.resources.FilesMapXmlAdapterTest"/>
  <testcase name="marshal_emtpyProducesEmpty" time="0.000" classname="com.jaspersoft.jasperserver.dto.resources.FilesMapXmlAdapterTest"/>
  <testcase name="unmarshal_emtpyProducesEmpty" time="0.002" classname="com.jaspersoft.jasperserver.dto.resources.FilesMapXmlAdapterTest"/>
  <testcase name="unmarshal_nullProducesNull" time="0.009" classname="com.jaspersoft.jasperserver.dto.resources.FilesMapXmlAdapterTest"/>
</testsuite> <!-- com.jaspersoft.jasperserver.dto.resources.FilesMapXmlAdapterTest -->
